C:\Users\5592\Documents\Code\assignments\Project2\WebApplication2\bookstore-online\dist\out-tsc\src\app\book.service.js
C:\Users\5592\Documents\Code\assignments\Project2\WebApplication2\bookstore-online\dist\out-tsc\src\app\book.service.js.map
C:\Users\5592\Documents\Code\assignments\Project2\WebApplication2\bookstore-online\dist\out-tsc\src\app\header\header.component.js
C:\Users\5592\Documents\Code\assignments\Project2\WebApplication2\bookstore-online\dist\out-tsc\src\app\header\header.component.js.map
C:\Users\5592\Documents\Code\assignments\Project2\WebApplication2\bookstore-online\dist\out-tsc\src\app\footer\footer.component.js
C:\Users\5592\Documents\Code\assignments\Project2\WebApplication2\bookstore-online\dist\out-tsc\src\app\footer\footer.component.js.map
C:\Users\5592\Documents\Code\assignments\Project2\WebApplication2\bookstore-online\dist\out-tsc\src\app\add-book\add-book.component.js
C:\Users\5592\Documents\Code\assignments\Project2\WebApplication2\bookstore-online\dist\out-tsc\src\app\add-book\add-book.component.js.map
C:\Users\5592\Documents\Code\assignments\Project2\WebApplication2\bookstore-online\dist\out-tsc\src\app\about\about.component.js
C:\Users\5592\Documents\Code\assignments\Project2\WebApplication2\bookstore-online\dist\out-tsc\src\app\about\about.component.js.map
C:\Users\5592\Documents\Code\assignments\Project2\WebApplication2\bookstore-online\dist\out-tsc\src\app\books\books.component.js
C:\Users\5592\Documents\Code\assignments\Project2\WebApplication2\bookstore-online\dist\out-tsc\src\app\books\books.component.js.map
C:\Users\5592\Documents\Code\assignments\Project2\WebApplication2\bookstore-online\dist\out-tsc\src\app\contact\contact.component.js
C:\Users\5592\Documents\Code\assignments\Project2\WebApplication2\bookstore-online\dist\out-tsc\src\app\contact\contact.component.js.map
C:\Users\5592\Documents\Code\assignments\Project2\WebApplication2\bookstore-online\dist\out-tsc\src\app\customer-review\customer-review.component.js
C:\Users\5592\Documents\Code\assignments\Project2\WebApplication2\bookstore-online\dist\out-tsc\src\app\customer-review\customer-review.component.js.map
C:\Users\5592\Documents\Code\assignments\Project2\WebApplication2\bookstore-online\dist\out-tsc\src\app\app.component.js
C:\Users\5592\Documents\Code\assignments\Project2\WebApplication2\bookstore-online\dist\out-tsc\src\app\app.component.js.map
C:\Users\5592\Documents\Code\assignments\Project2\WebApplication2\bookstore-online\dist\out-tsc\src\app\app.routes.js
C:\Users\5592\Documents\Code\assignments\Project2\WebApplication2\bookstore-online\dist\out-tsc\src\app\app.routes.js.map
C:\Users\5592\Documents\Code\assignments\Project2\WebApplication2\bookstore-online\dist\out-tsc\src\app\app.config.js
C:\Users\5592\Documents\Code\assignments\Project2\WebApplication2\bookstore-online\dist\out-tsc\src\app\app.config.js.map
C:\Users\5592\Documents\Code\assignments\Project2\WebApplication2\bookstore-online\dist\out-tsc\src\app\app.config.server.js
C:\Users\5592\Documents\Code\assignments\Project2\WebApplication2\bookstore-online\dist\out-tsc\src\app\app.config.server.js.map
C:\Users\5592\Documents\Code\assignments\Project2\WebApplication2\bookstore-online\dist\out-tsc\src\main.server.js
C:\Users\5592\Documents\Code\assignments\Project2\WebApplication2\bookstore-online\dist\out-tsc\src\main.server.js.map
C:\Users\5592\Documents\Code\assignments\Project2\WebApplication2\bookstore-online\dist\out-tsc\server.js
C:\Users\5592\Documents\Code\assignments\Project2\WebApplication2\bookstore-online\dist\out-tsc\server.js.map
C:\Users\5592\Documents\Code\assignments\Project2\WebApplication2\bookstore-online\dist\out-tsc\src\main.js
C:\Users\5592\Documents\Code\assignments\Project2\WebApplication2\bookstore-online\dist\out-tsc\src\main.js.map
C:\Users\5592\Documents\Code\assignments\Project2\WebApplication2\bookstore-online\dist\out-tsc\src\app\app-routing.module.js
C:\Users\5592\Documents\Code\assignments\Project2\WebApplication2\bookstore-online\dist\out-tsc\src\app\app-routing.module.js.map
C:\Users\5592\Documents\Code\assignments\Project2\WebApplication2\bookstore-online\dist\out-tsc\src\app\app.component.spec.js
C:\Users\5592\Documents\Code\assignments\Project2\WebApplication2\bookstore-online\dist\out-tsc\src\app\app.component.spec.js.map
C:\Users\5592\Documents\Code\assignments\Project2\WebApplication2\bookstore-online\dist\out-tsc\src\app\app.module.js
C:\Users\5592\Documents\Code\assignments\Project2\WebApplication2\bookstore-online\dist\out-tsc\src\app\app.module.js.map
C:\Users\5592\Documents\Code\assignments\Project2\WebApplication2\bookstore-online\dist\out-tsc\src\app\book.service.spec.js
C:\Users\5592\Documents\Code\assignments\Project2\WebApplication2\bookstore-online\dist\out-tsc\src\app\book.service.spec.js.map
C:\Users\5592\Documents\Code\assignments\Project2\WebApplication2\bookstore-online\dist\out-tsc\src\app\about\about.component.spec.js
C:\Users\5592\Documents\Code\assignments\Project2\WebApplication2\bookstore-online\dist\out-tsc\src\app\about\about.component.spec.js.map
C:\Users\5592\Documents\Code\assignments\Project2\WebApplication2\bookstore-online\dist\out-tsc\src\app\add-book\add-book.component.spec.js
C:\Users\5592\Documents\Code\assignments\Project2\WebApplication2\bookstore-online\dist\out-tsc\src\app\add-book\add-book.component.spec.js.map
C:\Users\5592\Documents\Code\assignments\Project2\WebApplication2\bookstore-online\dist\out-tsc\src\app\books\books.component.spec.js
C:\Users\5592\Documents\Code\assignments\Project2\WebApplication2\bookstore-online\dist\out-tsc\src\app\books\books.component.spec.js.map
C:\Users\5592\Documents\Code\assignments\Project2\WebApplication2\bookstore-online\dist\out-tsc\src\app\contact\contact.component.spec.js
C:\Users\5592\Documents\Code\assignments\Project2\WebApplication2\bookstore-online\dist\out-tsc\src\app\contact\contact.component.spec.js.map
C:\Users\5592\Documents\Code\assignments\Project2\WebApplication2\bookstore-online\dist\out-tsc\src\app\customer-review\customer-review.component.spec.js
C:\Users\5592\Documents\Code\assignments\Project2\WebApplication2\bookstore-online\dist\out-tsc\src\app\customer-review\customer-review.component.spec.js.map
C:\Users\5592\Documents\Code\assignments\Project2\WebApplication2\bookstore-online\dist\out-tsc\src\app\footer\footer.component.spec.js
C:\Users\5592\Documents\Code\assignments\Project2\WebApplication2\bookstore-online\dist\out-tsc\src\app\footer\footer.component.spec.js.map
C:\Users\5592\Documents\Code\assignments\Project2\WebApplication2\bookstore-online\dist\out-tsc\src\app\header\header.component.spec.js
C:\Users\5592\Documents\Code\assignments\Project2\WebApplication2\bookstore-online\dist\out-tsc\src\app\header\header.component.spec.js.map
